<?xml version="1.0" encoding="UTF-8"?>
<!-- Generated by org.testng.reporters.JUnitReportReporter -->
<testsuite skipped="0" hostname="Manish-PC" name="com.guru.testcases.TC_001_LoginTest" tests="1" failures="0" timestamp="04 Aug 2019 14:25:33 GMT" time="2.715" errors="0">
  <testcase name="loginApp" time="2.715" classname="com.guru.testcases.TC_001_LoginTest"/>
</testsuite> <!-- com.guru.testcases.TC_001_LoginTest -->
